<?xml version="1.0" encoding="UTF-8"?>
<testsuite xmlns:xsi="http://www.w3.org/2001/XMLSchema-instance" xsi:noNamespaceSchemaLocation="https://maven.apache.org/surefire/maven-surefire-plugin/xsd/surefire-test-report-3.0.xsd" version="3.0" name="utilitiesTest.FileValidationTest" time="0.048" tests="3" errors="3" skipped="0" failures="0">
  <properties>
[...]
</properties>
  <testcase name="testValidateFileSizeMismatch" classname="utilitiesTest.FileValidationTest" time="0.04">
    <error message="&apos;boolean utilities.FileValidation.validateFile(java.lang.String, long, java.lang.String, java.nio.file.attribute.FileTime)&apos;" type="java.lang.NoSuchMethodError"><![CDATA[java.lang.NoSuchMethodError: 'boolean utilities.FileValidation.validateFile(java.lang.String, long, java.lang.String, java.nio.file.attribute.FileTime)'
	at utilitiesTest.FileValidationTest.testValidateFileSizeMismatch(FileValidationTest.java:26)
	at java.base/java.lang.reflect.Method.invoke(Method.java:580)
	at java.base/java.util.ArrayList.forEach(ArrayList.java:1597)
	at java.base/java.util.ArrayList.forEach(ArrayList.java:1597)
]]></error>
  </testcase>
  <testcase name="testValidateFileLastModifiedMismatch" classname="utilitiesTest.FileValidationTest" time="0.002">
    <error message="&apos;boolean utilities.FileValidation.validateFile(java.lang.String, long, java.lang.String, java.nio.file.attribute.FileTime)&apos;" type="java.lang.NoSuchMethodError"><![CDATA[java.lang.NoSuchMethodError: 'boolean utilities.FileValidation.validateFile(java.lang.String, long, java.lang.String, java.nio.file.attribute.FileTime)'
	at utilitiesTest.FileValidationTest.testValidateFileLastModifiedMismatch(FileValidationTest.java:35)
	at java.base/java.lang.reflect.Method.invoke(Method.java:580)
	at java.base/java.util.ArrayList.forEach(ArrayList.java:1597)
	at java.base/java.util.ArrayList.forEach(ArrayList.java:1597)
]]></error>
  </testcase>
  <testcase name="testValidateFileExistsAndMatchesAttributes" classname="utilitiesTest.FileValidationTest" time="0.003">
    <error message="&apos;boolean utilities.FileValidation.validateFile(java.lang.String, long, java.lang.String, java.nio.file.attribute.FileTime)&apos;" type="java.lang.NoSuchMethodError"><![CDATA[java.lang.NoSuchMethodError: 'boolean utilities.FileValidation.validateFile(java.lang.String, long, java.lang.String, java.nio.file.attribute.FileTime)'
	at utilitiesTest.FileValidationTest.testValidateFileExistsAndMatchesAttributes(FileValidationTest.java:18)
	at java.base/java.lang.reflect.Method.invoke(Method.java:580)
	at java.base/java.util.ArrayList.forEach(ArrayList.java:1597)
	at java.base/java.util.ArrayList.forEach(ArrayList.java:1597)
]]></error>
  </testcase>
</testsuite>