-------------------------------------------------------------------------------
Test set: utilitiesTest.DiskComparisonTest
-------------------------------------------------------------------------------
Tests run: 3, Failures: 1, Errors: 2, Skipped: 0, Time elapsed: 0.043 s <<< FAILURE! -- in utilitiesTest.DiskComparisonTest
utilitiesTest.DiskComparisonTest.testCompareFileMetadataDifferentFiles -- Time elapsed: 0.018 s <<< ERROR!
utilities.DiskComparison$FileComparisonException: Failed to compare file metadata
	at utilities.DiskComparison.compareFileMetadata(DiskComparison.java:35)
	at utilitiesTest.DiskComparisonTest.testCompareFileMetadataDifferentFiles(DiskComparisonTest.java:18)
	at java.base/java.lang.reflect.Method.invoke(Method.java:580)
	at java.base/java.util.ArrayList.forEach(ArrayList.java:1597)
	at java.base/java.util.ArrayList.forEach(ArrayList.java:1597)
Caused by: java.nio.file.NoSuchFileException: path\to\file1.txt
	at java.base/sun.nio.fs.WindowsException.translateToIOException(WindowsException.java:85)
	at java.base/sun.nio.fs.WindowsException.rethrowAsIOException(WindowsException.java:103)
	at java.base/sun.nio.fs.WindowsException.rethrowAsIOException(WindowsException.java:108)
	at java.base/sun.nio.fs.WindowsFileAttributeViews$Basic.readAttributes(WindowsFileAttributeViews.java:53)
	at java.base/sun.nio.fs.WindowsFileAttributeViews$Basic.readAttributes(WindowsFileAttributeViews.java:38)
	at java.base/sun.nio.fs.WindowsFileSystemProvider.readAttributes(WindowsFileSystemProvider.java:197)
	at java.base/java.nio.file.Files.readAttributes(Files.java:1865)
	at java.base/java.nio.file.Files.size(Files.java:2474)
	at utilities.DiskComparison.compareFileMetadata(DiskComparison.java:27)
	... 4 more

utilitiesTest.DiskComparisonTest.testCompareFileMetadataFileNotFound -- Time elapsed: 0.006 s <<< FAILURE!
org.opentest4j.AssertionFailedError: Unexpected exception type thrown, expected: <java.io.IOException> but was: <utilities.DiskComparison.FileComparisonException>
	at org.junit.jupiter.api.AssertionFailureBuilder.build(AssertionFailureBuilder.java:151)
	at org.junit.jupiter.api.AssertThrows.assertThrows(AssertThrows.java:67)
	at org.junit.jupiter.api.AssertThrows.assertThrows(AssertThrows.java:35)
	at org.junit.jupiter.api.Assertions.assertThrows(Assertions.java:3111)
	at utilitiesTest.DiskComparisonTest.testCompareFileMetadataFileNotFound(DiskComparisonTest.java:24)
	at java.base/java.lang.reflect.Method.invoke(Method.java:580)
	at java.base/java.util.ArrayList.forEach(ArrayList.java:1597)
	at java.base/java.util.ArrayList.forEach(ArrayList.java:1597)
Caused by: utilities.DiskComparison$FileComparisonException: Failed to compare file metadata
	at utilities.DiskComparison.compareFileMetadata(DiskComparison.java:35)
	at utilitiesTest.DiskComparisonTest.lambda$testCompareFileMetadataFileNotFound$0(DiskComparisonTest.java:24)
	at org.junit.jupiter.api.AssertThrows.assertThrows(AssertThrows.java:53)
	... 6 more
Caused by: java.nio.file.NoSuchFileException: nonexistent\file.txt
	at java.base/sun.nio.fs.WindowsException.translateToIOException(WindowsException.java:85)
	at java.base/sun.nio.fs.WindowsException.rethrowAsIOException(WindowsException.java:103)
	at java.base/sun.nio.fs.WindowsException.rethrowAsIOException(WindowsException.java:108)
	at java.base/sun.nio.fs.WindowsFileAttributeViews$Basic.readAttributes(WindowsFileAttributeViews.java:53)
	at java.base/sun.nio.fs.WindowsFileAttributeViews$Basic.readAttributes(WindowsFileAttributeViews.java:38)
	at java.base/sun.nio.fs.WindowsFileSystemProvider.readAttributes(WindowsFileSystemProvider.java:197)
	at java.base/java.nio.file.Files.readAttributes(Files.java:1865)
	at java.base/java.nio.file.Files.size(Files.java:2474)
	at utilities.DiskComparison.compareFileMetadata(DiskComparison.java:27)
	... 8 more

utilitiesTest.DiskComparisonTest.testCompareFileMetadataSameFiles -- Time elapsed: 0.002 s <<< ERROR!
utilities.DiskComparison$FileComparisonException: Failed to compare file metadata
	at utilities.DiskComparison.compareFileMetadata(DiskComparison.java:35)
	at utilitiesTest.DiskComparisonTest.testCompareFileMetadataSameFiles(DiskComparisonTest.java:12)
	at java.base/java.lang.reflect.Method.invoke(Method.java:580)
	at java.base/java.util.ArrayList.forEach(ArrayList.java:1597)
	at java.base/java.util.ArrayList.forEach(ArrayList.java:1597)
Caused by: java.nio.file.NoSuchFileException: path\to\file1.txt
	at java.base/sun.nio.fs.WindowsException.translateToIOException(WindowsException.java:85)
	at java.base/sun.nio.fs.WindowsException.rethrowAsIOException(WindowsException.java:103)
	at java.base/sun.nio.fs.WindowsException.rethrowAsIOException(WindowsException.java:108)
	at java.base/sun.nio.fs.WindowsFileAttributeViews$Basic.readAttributes(WindowsFileAttributeViews.java:53)
	at java.base/sun.nio.fs.WindowsFileAttributeViews$Basic.readAttributes(WindowsFileAttributeViews.java:38)
	at java.base/sun.nio.fs.WindowsFileSystemProvider.readAttributes(WindowsFileSystemProvider.java:197)
	at java.base/java.nio.file.Files.readAttributes(Files.java:1865)
	at java.base/java.nio.file.Files.size(Files.java:2474)
	at utilities.DiskComparison.compareFileMetadata(DiskComparison.java:27)
	... 4 more

